2024-10-24 08:51:18 Loading main app package /usr/lib/obsidian/obsidian.asar
2024-10-24 08:51:18 Checking for update using Github
2024-10-24 08:51:18 Success.
2024-10-24 08:51:18 Latest version is 1.7.4
2024-10-24 08:51:18 App is up to date.
2024-10-31 09:41:30 Loading main app package /usr/lib/obsidian/obsidian.asar
2024-10-31 09:41:30 Checking for update using Github
2024-10-31 09:41:30 Success.
2024-10-31 09:41:30 Latest version is 1.7.4
2024-10-31 09:41:30 App is up to date.
2024-10-31 10:02:03 Loading main app package /usr/lib/obsidian/obsidian.asar
2024-10-31 10:02:04 Checking for update using Github
2024-10-31 10:02:04 Success.
2024-10-31 10:02:04 Latest version is 1.7.4
2024-10-31 10:02:04 App is up to date.
2024-10-31 15:37:08 Checking for update using Github
2024-10-31 15:37:08 Success.
2024-10-31 15:37:08 Latest version is 1.7.4
2024-10-31 15:37:08 App is up to date.
2024-12-04 14:41:32 Loading main app package /usr/lib/obsidian/obsidian.asar
2024-12-04 14:41:32 Checking for update using Github
2024-12-04 14:41:32 Success.
2024-12-04 14:41:32 Latest version is 1.7.7
2024-12-04 14:41:32 App is up to date.
